<?xml version="1.0" encoding="UTF-8"?>
<!-- Generated by org.testng.reporters.JUnitReportReporter -->
<testsuite hostname="Scorpio_BK" failures="0" tests="1" name="testcases.DemoTest" time="0.005" errors="0" timestamp="2023-08-28T14:37:23 HAE" skipped="0">
  <testcase classname="testcases.DemoTest" name="f" time="0.005"/>
</testsuite> <!-- testcases.DemoTest -->
